<?xml version="1.0" encoding="UTF-8"?>
<!-- Generated by org.testng.reporters.JUnitReportReporter -->
<testsuite hostname="INLN56579596A" name="org.riv.qa.test.wrap.WrapTest" tests="2" failures="0" timestamp="4 Dec 2017 21:48:28 GMT" time="0.002" errors="0">
  <testcase name="testWrapTestMinTextLength" time="0.001" classname="org.riv.qa.test.wrap.WrapTest"/>
  <testcase name="testWrapTestSpacesLeading" time="0.001" classname="org.riv.qa.test.wrap.WrapTest"/>
</testsuite> <!-- org.riv.qa.test.wrap.WrapTest -->
