<?xml version="1.0" encoding="UTF-8"?>
<!-- Generated by org.testng.reporters.JUnitReportReporter -->
<testsuite hostname="INLN56579596A" name="org.riv.qa.webdriver.test.FunctionalTest" tests="1" failures="0" timestamp="4 Dec 2017 21:48:28 GMT" time="21.861" errors="0">
  <testcase name="test1" time="21.861" classname="org.riv.qa.webdriver.test.FunctionalTest"/>
</testsuite> <!-- org.riv.qa.webdriver.test.FunctionalTest -->
